<?xml version="1.0" encoding="UTF-8"?>
<!-- Generated by org.testng.reporters.JUnitReportReporter -->
<testsuite hostname="SHISHIR" failures="0" tests="4" name="com.qa.testcases.LoginTest" time="105.139" errors="0" timestamp="2023-08-16T05:19:17 BDT" skipped="0">
  <testcase classname="com.qa.testcases.LoginTest" name="loginWithValidCredintials" time="26.047"/>
  <system-out/>
  <testcase classname="com.qa.testcases.LoginTest" name="loginWithInvalidCredintials" time="26.062"/>
  <system-out/>
  <testcase classname="com.qa.testcases.LoginTest" name="loginWithEmptyPasswordField" time="26.122"/>
  <system-out/>
  <testcase classname="com.qa.testcases.LoginTest" name="loginWithEmptyField" time="26.908"/>
  <system-out/>
</testsuite> <!-- com.qa.testcases.LoginTest -->
